{
  "stats": {
    "suites": 1,
    "tests": 3,
    "passes": 3,
    "pending": 0,
    "failures": 0,
    "start": "2025-09-01T13:21:28.828Z",
    "end": "2025-09-01T13:21:45.574Z",
    "duration": 16746,
    "testsRegistered": 3,
    "passPercent": 100,
    "pendingPercent": 0,
    "other": 0,
    "hasOther": false,
    "skipped": 0,
    "hasSkipped": false
  },
  "results": [
    {
      "uuid": "4c356774-c639-4993-9ce8-1578a3df2ea7",
      "title": "",
      "fullFile": "cypress\\e2e\\responsive.cy.js",
      "file": "cypress\\e2e\\responsive.cy.js",
      "beforeHooks": [],
      "afterHooks": [],
      "tests": [],
      "suites": [
        {
          "uuid": "9a995aae-ff2c-4f0b-b090-f61bc2c80dea",
          "title": "Responsive layout",
          "fullFile": "",
          "file": "",
          "beforeHooks": [],
          "afterHooks": [],
          "tests": [
            {
              "title": "renders on 1280x800",
              "fullTitle": "Responsive layout renders on 1280x800",
              "timedOut": null,
              "duration": 5466,
              "state": "passed",
              "speed": "medium",
              "pass": true,
              "fail": false,
              "pending": false,
              "context": null,
              "code": "cy.viewport(vp.w, vp.h);\ncy.visit('/');\ncy.get('header,nav').should('be.visible');\ncy.get('footer').should('be.visible');",
              "err": {},
              "uuid": "88b07ba9-df94-4c9c-ba47-e3bcde2884c7",
              "parentUUID": "9a995aae-ff2c-4f0b-b090-f61bc2c80dea",
              "isHook": false,
              "skipped": false
            },
            {
              "title": "renders on 768x1024",
              "fullTitle": "Responsive layout renders on 768x1024",
              "timedOut": null,
              "duration": 5677,
              "state": "passed",
              "speed": "medium",
              "pass": true,
              "fail": false,
              "pending": false,
              "context": null,
              "code": "cy.viewport(vp.w, vp.h);\ncy.visit('/');\ncy.get('header,nav').should('be.visible');\ncy.get('footer').should('be.visible');",
              "err": {},
              "uuid": "8401dc8c-4214-45eb-9e73-478bc6063299",
              "parentUUID": "9a995aae-ff2c-4f0b-b090-f61bc2c80dea",
              "isHook": false,
              "skipped": false
            },
            {
              "title": "renders on 375x667",
              "fullTitle": "Responsive layout renders on 375x667",
              "timedOut": null,
              "duration": 5309,
              "state": "passed",
              "speed": "medium",
              "pass": true,
              "fail": false,
              "pending": false,
              "context": null,
              "code": "cy.viewport(vp.w, vp.h);\ncy.visit('/');\ncy.get('header,nav').should('be.visible');\ncy.get('footer').should('be.visible');",
              "err": {},
              "uuid": "88f0b2dd-0536-4ac2-84f5-8258377604e6",
              "parentUUID": "9a995aae-ff2c-4f0b-b090-f61bc2c80dea",
              "isHook": false,
              "skipped": false
            }
          ],
          "suites": [],
          "passes": [
            "88b07ba9-df94-4c9c-ba47-e3bcde2884c7",
            "8401dc8c-4214-45eb-9e73-478bc6063299",
            "88f0b2dd-0536-4ac2-84f5-8258377604e6"
          ],
          "failures": [],
          "pending": [],
          "skipped": [],
          "duration": 16452,
          "root": false,
          "rootEmpty": false,
          "_timeout": 2000
        }
      ],
      "passes": [],
      "failures": [],
      "pending": [],
      "skipped": [],
      "duration": 0,
      "root": true,
      "rootEmpty": true,
      "_timeout": 2000
    }
  ],
  "meta": {
    "mocha": {
      "version": "7.0.1"
    },
    "mochawesome": {
      "options": {
        "quiet": false,
        "reportFilename": "mochawesome",
        "saveHtml": false,
        "saveJson": true,
        "consoleReporter": "spec",
        "useInlineDiffs": false,
        "code": true
      },
      "version": "7.1.3"
    },
    "marge": {
      "options": {
        "reportDir": "reports/mochawesome-report",
        "overwrite": false,
        "html": false,
        "json": true
      },
      "version": "6.2.0"
    }
  }
}