{
  "stats": {
    "suites": 1,
    "tests": 2,
    "passes": 2,
    "pending": 0,
    "failures": 0,
    "start": "2025-09-01T13:21:15.963Z",
    "end": "2025-09-01T13:21:26.362Z",
    "duration": 10399,
    "testsRegistered": 2,
    "passPercent": 100,
    "pendingPercent": 0,
    "other": 0,
    "hasOther": false,
    "skipped": 0,
    "hasSkipped": false
  },
  "results": [
    {
      "uuid": "7354e362-9aed-4c43-acbc-67c58fdaa282",
      "title": "",
      "fullFile": "cypress\\e2e\\notfound.cy.js",
      "file": "cypress\\e2e\\notfound.cy.js",
      "beforeHooks": [],
      "afterHooks": [],
      "tests": [],
      "suites": [
        {
          "uuid": "6744f2c0-30cf-4e28-8b96-62f01cd0a058",
          "title": "404 Page Validation",
          "fullFile": "",
          "file": "",
          "beforeHooks": [],
          "afterHooks": [],
          "tests": [
            {
              "title": "Should show a proper 404 page for invalid URLs",
              "fullTitle": "404 Page Validation Should show a proper 404 page for invalid URLs",
              "timedOut": null,
              "duration": 5779,
              "state": "passed",
              "speed": "medium",
              "pass": true,
              "fail": false,
              "pending": false,
              "context": null,
              "code": "(0, _commonUtils.validate404Page)(\"/nonexistent-page-404\");",
              "err": {},
              "uuid": "064c623e-c33e-49fb-af07-3a3e5c9daecd",
              "parentUUID": "6744f2c0-30cf-4e28-8b96-62f01cd0a058",
              "isHook": false,
              "skipped": false
            },
            {
              "title": "Another invalid path also shows 404",
              "fullTitle": "404 Page Validation Another invalid path also shows 404",
              "timedOut": null,
              "duration": 4392,
              "state": "passed",
              "speed": "fast",
              "pass": true,
              "fail": false,
              "pending": false,
              "context": null,
              "code": "(0, _commonUtils.validate404Page)(\"/definitely-does-not-exist\");",
              "err": {},
              "uuid": "94bb9bb6-c9fa-4228-9ec1-36fef5ef4d6d",
              "parentUUID": "6744f2c0-30cf-4e28-8b96-62f01cd0a058",
              "isHook": false,
              "skipped": false
            }
          ],
          "suites": [],
          "passes": [
            "064c623e-c33e-49fb-af07-3a3e5c9daecd",
            "94bb9bb6-c9fa-4228-9ec1-36fef5ef4d6d"
          ],
          "failures": [],
          "pending": [],
          "skipped": [],
          "duration": 10171,
          "root": false,
          "rootEmpty": false,
          "_timeout": 2000
        }
      ],
      "passes": [],
      "failures": [],
      "pending": [],
      "skipped": [],
      "duration": 0,
      "root": true,
      "rootEmpty": true,
      "_timeout": 2000
    }
  ],
  "meta": {
    "mocha": {
      "version": "7.0.1"
    },
    "mochawesome": {
      "options": {
        "quiet": false,
        "reportFilename": "mochawesome",
        "saveHtml": false,
        "saveJson": true,
        "consoleReporter": "spec",
        "useInlineDiffs": false,
        "code": true
      },
      "version": "7.1.3"
    },
    "marge": {
      "options": {
        "reportDir": "reports/mochawesome-report",
        "overwrite": false,
        "html": false,
        "json": true
      },
      "version": "6.2.0"
    }
  }
}